<?xml version="1.0" encoding="UTF-8"?>
<testsuite name="PhoneBookTest" tests="1" skipped="0" failures="0" errors="0" timestamp="2022-03-07T04:24:25" hostname="kd-work" time="264.007">
  <properties/>
  <testcase name="start" classname="PhoneBookTest" time="264.007"/>
  <system-out><![CDATA[?[1;31m
Start test 1?[0m
Loaded directory
Loaded find list
Start searching (linear search)...
Found 500 / 500 entries. Time taken: 0 min. 21 sec. 937 ms.
Start searching (bubble sort + jump search)...
Found 500 / 500 entries. Time taken: 4 min. 1 sec. 334 ms.
Sorting time: 3 min. 39 sec. 516 ms. - STOPPED, moved to linear search
Searching time: 0 min. 21 sec. 818 ms.
]]></system-out>
  <system-err><![CDATA[]]></system-err>
</testsuite>
