<?xml version="1.0" encoding="UTF-8"?>
<testsuite name="PhoneBookTest" tests="1" skipped="0" failures="0" errors="0" timestamp="2022-02-04T04:21:04" hostname="kd-work" time="5.37">
  <properties/>
  <testcase name="start" classname="PhoneBookTest" time="5.37"/>
  <system-out><![CDATA[?[1;31m
Start test 1?[0m
Loaded directory
Start searching...
Found 500 / 500 entries. Time taken: 0 min. 2 sec. 233 ms.
?[1;31m
Start test 2?[0m
Loaded directory
Start searching...
Found 500 / 500 entries. Time taken: 0 min. 1 sec. 834 ms.
]]></system-out>
  <system-err><![CDATA[]]></system-err>
</testsuite>
